{"name":"getOpportunityExpectOK","id":"com.serenity.sandbox.AppTests.OpportunitiesDetailPageTest:getOpportunityExpectOK","testCaseName":"com.serenity.sandbox.AppTests.OpportunitiesDetailPageTest","testSteps":[{"number":1,"description":"Is on opportunities page","duration":7449,"startTime":"2022-12-01T16:33:07.380316+01:00[Europe/Madrid]","screenshots":[{"screenshot":"46a0860f490def564b05e2bf9005ec06d14781b01f90f9e9e4e593b3283470d3.png","timeStamp":1669908794829,"screenshotName":"46a0860f490def564b05e2bf9005ec06d14781b01f90f9e9e4e593b3283470d3.png"}],"result":"SUCCESS","precondition":false,"level":0},{"number":2,"description":"Existing opportunity should be visible","duration":6552,"startTime":"2022-12-01T16:33:14.832003400+01:00[Europe/Madrid]","screenshots":[{"screenshot":"a62339f4e2b8e81e5a40f4a685a2bc61aa16fa9e572725233025d9596b69ef26.png","htmlSource":"pagesource3335464281912336250.html","timeStamp":1669908801377,"screenshotName":"a62339f4e2b8e81e5a40f4a685a2bc61aa16fa9e572725233025d9596b69ef26.png"}],"exception":{"errorType":"net.thucydides.core.webdriver.exceptions.ElementShouldBeEnabledException","message":"Expected enabled element was not enabled","stackTrace":[{"declaringClass":"com.serenity.sandbox.UIPages.OpportunitiesDetailPage","methodName":"navigateToExistingOpportunity","fileName":"OpportunitiesDetailPage.java","lineNumber":11},{"declaringClass":"com.serenity.sandbox.steps.OpportunitiesDetailPageSteps","methodName":"existingOpportunityShouldBeVisible","fileName":"OpportunitiesDetailPageSteps.java","lineNumber":21},{"declaringClass":"com.serenity.sandbox.AppTests.OpportunitiesDetailPageTest","methodName":"getOpportunityExpectOK","fileName":"OpportunitiesDetailPageTest.java","lineNumber":31},{"declaringClass":"org.eclipse.jdt.internal.junit4.runner.JUnit4TestReference","methodName":"run","fileName":"JUnit4TestReference.java","lineNumber":93},{"declaringClass":"org.eclipse.jdt.internal.junit.runner.TestExecution","methodName":"run","fileName":"TestExecution.java","lineNumber":40},{"declaringClass":"org.eclipse.jdt.internal.junit.runner.RemoteTestRunner","methodName":"runTests","fileName":"RemoteTestRunner.java","lineNumber":529},{"declaringClass":"org.eclipse.jdt.internal.junit.runner.RemoteTestRunner","methodName":"runTests","fileName":"RemoteTestRunner.java","lineNumber":756},{"declaringClass":"org.eclipse.jdt.internal.junit.runner.RemoteTestRunner","methodName":"run","fileName":"RemoteTestRunner.java","lineNumber":452},{"declaringClass":"org.eclipse.jdt.internal.junit.runner.RemoteTestRunner","methodName":"main","fileName":"RemoteTestRunner.java","lineNumber":210}],"rootCause":{"errorType":"org.openqa.selenium.TimeoutException","message":"Expected condition failed: waiting for By.xpath: //text()[contains(.,\u0027Juan\u0027)]/parent::*/parent::a to be enabled (tried for 5 second(s) with 100 milliseconds interval)","stackTrace":[{"declaringClass":"com.serenity.sandbox.UIPages.OpportunitiesDetailPage","methodName":"navigateToExistingOpportunity","fileName":"OpportunitiesDetailPage.java","lineNumber":11},{"declaringClass":"com.serenity.sandbox.steps.OpportunitiesDetailPageSteps","methodName":"existingOpportunityShouldBeVisible","fileName":"OpportunitiesDetailPageSteps.java","lineNumber":21},{"declaringClass":"com.serenity.sandbox.AppTests.OpportunitiesDetailPageTest","methodName":"getOpportunityExpectOK","fileName":"OpportunitiesDetailPageTest.java","lineNumber":31},{"declaringClass":"org.eclipse.jdt.internal.junit4.runner.JUnit4TestReference","methodName":"run","fileName":"JUnit4TestReference.java","lineNumber":93},{"declaringClass":"org.eclipse.jdt.internal.junit.runner.TestExecution","methodName":"run","fileName":"TestExecution.java","lineNumber":40},{"declaringClass":"org.eclipse.jdt.internal.junit.runner.RemoteTestRunner","methodName":"runTests","fileName":"RemoteTestRunner.java","lineNumber":529},{"declaringClass":"org.eclipse.jdt.internal.junit.runner.RemoteTestRunner","methodName":"runTests","fileName":"RemoteTestRunner.java","lineNumber":756},{"declaringClass":"org.eclipse.jdt.internal.junit.runner.RemoteTestRunner","methodName":"run","fileName":"RemoteTestRunner.java","lineNumber":452},{"declaringClass":"org.eclipse.jdt.internal.junit.runner.RemoteTestRunner","methodName":"main","fileName":"RemoteTestRunner.java","lineNumber":210}],"rootCause":{"errorType":"org.openqa.selenium.NoSuchElementException","message":"no such element: Unable to locate element: {\"method\":\"xpath\",\"selector\":\"//text()[contains(.,\u0027Juan\u0027)]/parent::*/parent::a\"}\n  (Session info: chrome\u003d107.0.5304.123)\nFor documentation on this error, please visit: https://selenium.dev/exceptions/#no_such_element\nBuild info: version: \u00274.6.0\u0027, revision: \u002779f1c02ae20\u0027\nSystem info: os.name: \u0027Windows 10\u0027, os.arch: \u0027amd64\u0027, os.version: \u002710.0\u0027, java.version: \u002717.0.4.1\u0027\nDriver info: org.openqa.selenium.chrome.ChromeDriver\nCommand: [f950efe98235ecdbb06a780f7bc3e78f, findElement {using\u003dxpath, value\u003d//text()[contains(.,\u0027Juan\u0027)]/parent::*/parent::a}]\nCapabilities {acceptInsecureCerts: false, browserName: chrome, browserVersion: 107.0.5304.123, chrome: {chromedriverVersion: 107.0.5304.62 (1eec40d3a576..., userDataDir: C:\\Users\\FRANCI~1.QUI\\AppDa...}, goog:chromeOptions: {debuggerAddress: localhost:56818}, networkConnectionEnabled: false, pageLoadStrategy: normal, platformName: WINDOWS, proxy: Proxy(), se:cdp: ws://localhost:56818/devtoo..., se:cdpVersion: 107.0.5304.123, setWindowRect: true, strictFileInteractability: false, timeouts: {implicit: 0, pageLoad: 300000, script: 30000}, unhandledPromptBehavior: dismiss and notify, webauthn:extension:credBlob: true, webauthn:extension:largeBlob: true, webauthn:virtualAuthenticators: true}\nSession ID: f950efe98235ecdbb06a780f7bc3e78f","stackTrace":[{"declaringClass":"com.serenity.sandbox.UIPages.OpportunitiesDetailPage","methodName":"navigateToExistingOpportunity","fileName":"OpportunitiesDetailPage.java","lineNumber":11},{"declaringClass":"com.serenity.sandbox.steps.OpportunitiesDetailPageSteps","methodName":"existingOpportunityShouldBeVisible","fileName":"OpportunitiesDetailPageSteps.java","lineNumber":21},{"declaringClass":"com.serenity.sandbox.AppTests.OpportunitiesDetailPageTest","methodName":"getOpportunityExpectOK","fileName":"OpportunitiesDetailPageTest.java","lineNumber":31},{"declaringClass":"org.eclipse.jdt.internal.junit4.runner.JUnit4TestReference","methodName":"run","fileName":"JUnit4TestReference.java","lineNumber":93},{"declaringClass":"org.eclipse.jdt.internal.junit.runner.TestExecution","methodName":"run","fileName":"TestExecution.java","lineNumber":40},{"declaringClass":"org.eclipse.jdt.internal.junit.runner.RemoteTestRunner","methodName":"runTests","fileName":"RemoteTestRunner.java","lineNumber":529},{"declaringClass":"org.eclipse.jdt.internal.junit.runner.RemoteTestRunner","methodName":"runTests","fileName":"RemoteTestRunner.java","lineNumber":756},{"declaringClass":"org.eclipse.jdt.internal.junit.runner.RemoteTestRunner","methodName":"run","fileName":"RemoteTestRunner.java","lineNumber":452},{"declaringClass":"org.eclipse.jdt.internal.junit.runner.RemoteTestRunner","methodName":"main","fileName":"RemoteTestRunner.java","lineNumber":210}]}}},"result":"FAILURE","precondition":false,"level":0}],"userStory":{"id":"com.serenity.sandbox.AppTests.OpportunitiesDetailPageTest","storyName":"Opportunities detail page test","displayName":"Opportunities detail page test","storyClassName":"com.serenity.sandbox.AppTests.OpportunitiesDetailPageTest","path":"com.serenity.sandbox.AppTests","type":"story"},"featureTag":{"name":"App tests/Opportunities detail page test","type":"story","displayName":"App tests/Opportunities detail page test"},"title":"Get opportunity expect OK","tags":[{"name":"App tests/Opportunities detail page test","type":"story","displayName":"App tests/Opportunities detail page test"}],"startTime":"2022-12-01T16:33:07.047316300+01:00[Europe/Madrid]","duration":14355,"testFailureCause":{"errorType":"net.thucydides.core.webdriver.exceptions.ElementShouldBeEnabledException","message":"Expected enabled element was not enabled\nBuild info: version: \u00274.6.0\u0027, revision: \u002779f1c02ae20\u0027\nSystem info: os.name: \u0027Windows 10\u0027, os.arch: \u0027amd64\u0027, os.version: \u002710.0\u0027, java.version: \u002717.0.4.1\u0027\nDriver info: driver.version: unknown","stackTrace":[{"declaringClass":"com.serenity.sandbox.UIPages.OpportunitiesDetailPage","methodName":"navigateToExistingOpportunity","fileName":"OpportunitiesDetailPage.java","lineNumber":11},{"declaringClass":"com.serenity.sandbox.steps.OpportunitiesDetailPageSteps","methodName":"existingOpportunityShouldBeVisible","fileName":"OpportunitiesDetailPageSteps.java","lineNumber":21},{"declaringClass":"com.serenity.sandbox.AppTests.OpportunitiesDetailPageTest","methodName":"getOpportunityExpectOK","fileName":"OpportunitiesDetailPageTest.java","lineNumber":31},{"declaringClass":"org.eclipse.jdt.internal.junit4.runner.JUnit4TestReference","methodName":"run","fileName":"JUnit4TestReference.java","lineNumber":93},{"declaringClass":"org.eclipse.jdt.internal.junit.runner.TestExecution","methodName":"run","fileName":"TestExecution.java","lineNumber":40},{"declaringClass":"org.eclipse.jdt.internal.junit.runner.RemoteTestRunner","methodName":"runTests","fileName":"RemoteTestRunner.java","lineNumber":529},{"declaringClass":"org.eclipse.jdt.internal.junit.runner.RemoteTestRunner","methodName":"runTests","fileName":"RemoteTestRunner.java","lineNumber":756},{"declaringClass":"org.eclipse.jdt.internal.junit.runner.RemoteTestRunner","methodName":"run","fileName":"RemoteTestRunner.java","lineNumber":452},{"declaringClass":"org.eclipse.jdt.internal.junit.runner.RemoteTestRunner","methodName":"main","fileName":"RemoteTestRunner.java","lineNumber":210}]},"testFailureClassname":"net.thucydides.core.webdriver.exceptions.ElementShouldBeEnabledException","testFailureMessage":"Expected enabled element was not enabled\nBuild info: version: \u00274.6.0\u0027, revision: \u002779f1c02ae20\u0027\nSystem info: os.name: \u0027Windows 10\u0027, os.arch: \u0027amd64\u0027, os.version: \u002710.0\u0027, java.version: \u002717.0.4.1\u0027\nDriver info: driver.version: unknown","testFailureSummary":"FAILURE;net.thucydides.core.webdriver.exceptions.ElementShouldBeEnabledException;Expected enabled element was not enabled\nBuild info: version: \u00274.6.0\u0027, revision: \u002779f1c02ae20\u0027\nSystem info: os.name: \u0027Windows 10\u0027, os.arch: \u0027amd64\u0027, os.version: \u002710.0\u0027, java.version: \u002717.0.4.1\u0027\nDriver info: driver.version: unknown;OpportunitiesDetailPage.java","projectKey":"","annotatedResult":"FAILURE","sessionId":"f950efe98235ecdbb06a780f7bc3e78f","driver":"chrome","isManualTestingUpToDate":false,"manual":false,"testSource":"JUnit","order":0,"result":"FAILURE"}