<?xml version="1.0" encoding="UTF-8" standalone="no"?><testsuite errors="0" failures="4" name="com.serenity.sandbox.AppTests.OpportunitiesDetailPageTest" skipped="3" tests="7" time="34.99" timestamp="2022-12-01 04:33:07"><testcase classname="com.serenity.sandbox.AppTests.OpportunitiesDetailPageTest" name="Get opportunity expect OK"><failure message="Expected enabled element was not enabled" type="net.thucydides.core.webdriver.exceptions.ElementShouldBeEnabledException">Expected enabled element was not enabled</failure><system-err>Expected enabled element was not enabled&#13;
com.serenity.sandbox.UIPages.OpportunitiesDetailPage.navigateToExistingOpportunity(OpportunitiesDetailPage.java:11)&#13;
com.serenity.sandbox.steps.OpportunitiesDetailPageSteps.existingOpportunityShouldBeVisible(OpportunitiesDetailPageSteps.java:21)&#13;
com.serenity.sandbox.AppTests.OpportunitiesDetailPageTest.getOpportunityExpectOK(OpportunitiesDetailPageTest.java:31)&#13;
org.eclipse.jdt.internal.junit4.runner.JUnit4TestReference.run(JUnit4TestReference.java:93)&#13;
org.eclipse.jdt.internal.junit.runner.TestExecution.run(TestExecution.java:40)&#13;
org.eclipse.jdt.internal.junit.runner.RemoteTestRunner.runTests(RemoteTestRunner.java:529)&#13;
org.eclipse.jdt.internal.junit.runner.RemoteTestRunner.runTests(RemoteTestRunner.java:756)&#13;
org.eclipse.jdt.internal.junit.runner.RemoteTestRunner.run(RemoteTestRunner.java:452)&#13;
org.eclipse.jdt.internal.junit.runner.RemoteTestRunner.main(RemoteTestRunner.java:210)&#13;
</system-err></testcase><testcase classname="com.serenity.sandbox.AppTests.OpportunitiesDetailPageTest" name="Mark as client with invalid data expect KO"><skipped/></testcase><testcase classname="com.serenity.sandbox.AppTests.OpportunitiesDetailPageTest" name="Get opportunity with contacts expect OK"><failure message="Expected enabled element was not enabled" type="net.thucydides.core.webdriver.exceptions.ElementShouldBeEnabledException">Expected enabled element was not enabled</failure><system-err>Expected enabled element was not enabled&#13;
com.serenity.sandbox.UIPages.OpportunitiesDetailPage.navigateToExistingOpportunity(OpportunitiesDetailPage.java:11)&#13;
com.serenity.sandbox.steps.OpportunitiesDetailPageSteps.existingOpportunityShouldBeVisible(OpportunitiesDetailPageSteps.java:21)&#13;
com.serenity.sandbox.AppTests.OpportunitiesDetailPageTest.getOpportunityWithContactsExpectOK(OpportunitiesDetailPageTest.java:36)&#13;
org.eclipse.jdt.internal.junit4.runner.JUnit4TestReference.run(JUnit4TestReference.java:93)&#13;
org.eclipse.jdt.internal.junit.runner.TestExecution.run(TestExecution.java:40)&#13;
org.eclipse.jdt.internal.junit.runner.RemoteTestRunner.runTests(RemoteTestRunner.java:529)&#13;
org.eclipse.jdt.internal.junit.runner.RemoteTestRunner.runTests(RemoteTestRunner.java:756)&#13;
org.eclipse.jdt.internal.junit.runner.RemoteTestRunner.run(RemoteTestRunner.java:452)&#13;
org.eclipse.jdt.internal.junit.runner.RemoteTestRunner.main(RemoteTestRunner.java:210)&#13;
</system-err></testcase><testcase classname="com.serenity.sandbox.AppTests.OpportunitiesDetailPageTest" name="Save contact expect OK"><failure message="Expected enabled element was not enabled" type="net.thucydides.core.webdriver.exceptions.ElementShouldBeEnabledException">Expected enabled element was not enabled</failure><system-err>Expected enabled element was not enabled&#13;
com.serenity.sandbox.UIPages.OpportunitiesDetailPage.navigateToExistingOpportunity(OpportunitiesDetailPage.java:11)&#13;
com.serenity.sandbox.steps.OpportunitiesDetailPageSteps.existingOpportunityShouldBeVisible(OpportunitiesDetailPageSteps.java:21)&#13;
com.serenity.sandbox.AppTests.OpportunitiesDetailPageTest.saveContactExpectOK(OpportunitiesDetailPageTest.java:62)&#13;
org.eclipse.jdt.internal.junit4.runner.JUnit4TestReference.run(JUnit4TestReference.java:93)&#13;
org.eclipse.jdt.internal.junit.runner.TestExecution.run(TestExecution.java:40)&#13;
org.eclipse.jdt.internal.junit.runner.RemoteTestRunner.runTests(RemoteTestRunner.java:529)&#13;
org.eclipse.jdt.internal.junit.runner.RemoteTestRunner.runTests(RemoteTestRunner.java:756)&#13;
org.eclipse.jdt.internal.junit.runner.RemoteTestRunner.run(RemoteTestRunner.java:452)&#13;
org.eclipse.jdt.internal.junit.runner.RemoteTestRunner.main(RemoteTestRunner.java:210)&#13;
</system-err></testcase><testcase classname="com.serenity.sandbox.AppTests.OpportunitiesDetailPageTest" name="Mark as client OK expect OK"><failure message="Expected enabled element was not enabled" type="net.thucydides.core.webdriver.exceptions.ElementShouldBeEnabledException">Expected enabled element was not enabled</failure><system-err>Expected enabled element was not enabled&#13;
com.serenity.sandbox.UIPages.OpportunitiesDetailPage.navigateToExistingOpportunity(OpportunitiesDetailPage.java:11)&#13;
com.serenity.sandbox.steps.OpportunitiesDetailPageSteps.existingOpportunityShouldBeVisible(OpportunitiesDetailPageSteps.java:21)&#13;
com.serenity.sandbox.AppTests.OpportunitiesDetailPageTest.markAsClientOKExpectOK(OpportunitiesDetailPageTest.java:48)&#13;
org.eclipse.jdt.internal.junit4.runner.JUnit4TestReference.run(JUnit4TestReference.java:93)&#13;
org.eclipse.jdt.internal.junit.runner.TestExecution.run(TestExecution.java:40)&#13;
org.eclipse.jdt.internal.junit.runner.RemoteTestRunner.runTests(RemoteTestRunner.java:529)&#13;
org.eclipse.jdt.internal.junit.runner.RemoteTestRunner.runTests(RemoteTestRunner.java:756)&#13;
org.eclipse.jdt.internal.junit.runner.RemoteTestRunner.run(RemoteTestRunner.java:452)&#13;
org.eclipse.jdt.internal.junit.runner.RemoteTestRunner.main(RemoteTestRunner.java:210)&#13;
</system-err></testcase><testcase classname="com.serenity.sandbox.AppTests.OpportunitiesDetailPageTest" name="Get opportunity with non existing op expect KO"><skipped/></testcase><testcase classname="com.serenity.sandbox.AppTests.OpportunitiesDetailPageTest" name="Save contact with invalid data expect KO"><skipped/></testcase></testsuite>